# JRE version: OpenJDK Runtime Environment Temurin-21.0.10+7 (21.0.10+7) (build 21.0.10+7-LTS)
# Java VM: OpenJDK 64-Bit Server VM Temurin-21.0.10+7 (21.0.10+7-LTS, mixed mode, sharing, tiered, compressed oops, compressed class ptrs, parallel gc, windows-amd64)
GC Precious Log:
 CardTable entry size: 512
 CPUs: 12 total, 12 available
 Memory: 16188M
 Large Page Support: Disabled
 NUMA Support: Disabled
 Compressed Oops: Enabled (32-bit)
 Alignments: Space 512K, Generation 512K, Heap 2M
 Heap Min Capacity: 100M
 Heap Initial Capacity: 100M
 Heap Max Capacity: 2G
 Pre-touch: Disabled
 Parallel Workers: 10
Heap:
 PSYoungGen      total 15872K, used 15209K [0x00000000d5580000, 0x00000000d6600000, 0x0000000100000000)
  eden space 14848K, 98% used [0x00000000d5580000,0x00000000d63b8a08,0x00000000d6400000)
  from space 1024K, 63% used [0x00000000d6400000,0x00000000d64a1d10,0x00000000d6500000)
  to   space 1024K, 0% used [0x00000000d6500000,0x00000000d6500000,0x00000000d6600000)
 ParOldGen       total 68608K, used 60894K [0x0000000080000000, 0x0000000084300000, 0x00000000d5580000)
  object space 68608K, 88% used [0x0000000080000000,0x0000000083b77a70,0x0000000084300000)
 Metaspace       used 54409K, committed 55808K, reserved 1114112K
  class space    used 5915K, committed 6528K, reserved 1048576K
GC Heap History (20 events):
Event: 17.666 GC heap before
{Heap before GC invocations=52 (full 2):
 PSYoungGen      total 15360K, used 15168K [0x00000000d5580000, 0x00000000d6600000, 0x0000000100000000)
  eden space 14848K, 100% used [0x00000000d5580000,0x00000000d6400000,0x00000000d6400000)
  from space 512K, 62% used [0x00000000d6400000,0x00000000d6450000,0x00000000d6480000)
  to   space 1024K, 0% used [0x00000000d6500000,0x00000000d6500000,0x00000000d6600000)
 ParOldGen       total 68608K, used 59450K [0x0000000080000000, 0x0000000084300000, 0x00000000d5580000)
  object space 68608K, 86% used [0x0000000080000000,0x0000000083a0e870,0x0000000084300000)
 Metaspace       used 52328K, committed 53760K, reserved 1114112K
  class space    used 5652K, committed 6272K, reserved 1048576K
}
Event: 17.668 GC heap after
{Heap after GC invocations=52 (full 2):
 PSYoungGen      total 15360K, used 352K [0x00000000d5580000, 0x00000000d6580000, 0x0000000100000000)
  eden space 14848K, 0% used [0x00000000d5580000,0x00000000d5580000,0x00000000d6400000)
  from space 512K, 68% used [0x00000000d6500000,0x00000000d6558000,0x00000000d6580000)
  to   space 512K, 0% used [0x00000000d6400000,0x00000000d6400000,0x00000000d6480000)
 ParOldGen       total 68608K, used 59530K [0x0000000080000000, 0x0000000084300000, 0x00000000d5580000)
  object space 68608K, 86% used [0x0000000080000000,0x0000000083a22870,0x0000000084300000)
 Metaspace       used 52328K, committed 53760K, reserved 1114112K
  class space    used 5652K, committed 6272K, reserved 1048576K
}
Event: 17.726 GC heap before
{Heap before GC invocations=53 (full 2):
 PSYoungGen      total 15360K, used 15200K [0x00000000d5580000, 0x00000000d6580000, 0x0000000100000000)
  eden space 14848K, 100% used [0x00000000d5580000,0x00000000d6400000,0x00000000d6400000)
  from space 512K, 68% used [0x00000000d6500000,0x00000000d6558000,0x00000000d6580000)
  to   space 512K, 0% used [0x00000000d6400000,0x00000000d6400000,0x00000000d6480000)
 ParOldGen       total 68608K, used 59530K [0x0000000080000000, 0x0000000084300000, 0x00000000d5580000)
  object space 68608K, 86% used [0x0000000080000000,0x0000000083a22870,0x0000000084300000)
 Metaspace       used 52347K, committed 53760K, reserved 1114112K
  class space    used 5652K, committed 6272K, reserved 1048576K
}
Event: 17.727 GC heap after
{Heap after GC invocations=53 (full 2):
 PSYoungGen      total 15360K, used 479K [0x00000000d5580000, 0x00000000d6580000, 0x0000000100000000)
  eden space 14848K, 0% used [0x00000000d5580000,0x00000000d5580000,0x00000000d6400000)
  from space 512K, 93% used [0x00000000d6400000,0x00000000d6477cc8,0x00000000d6480000)
  to   space 512K, 0% used [0x00000000d6500000,0x00000000d6500000,0x00000000d6580000)
 ParOldGen       total 68608K, used 59634K [0x0000000080000000, 0x0000000084300000, 0x00000000d5580000)
  object space 68608K, 86% used [0x0000000080000000,0x0000000083a3c870,0x0000000084300000)
 Metaspace       used 52347K, committed 53760K, reserved 1114112K
  class space    used 5652K, committed 6272K, reserved 1048576K
}
Event: 17.781 GC heap before
{Heap before GC invocations=54 (full 2):
 PSYoungGen      total 15360K, used 15327K [0x00000000d5580000, 0x00000000d6580000, 0x0000000100000000)
  eden space 14848K, 100% used [0x00000000d5580000,0x00000000d6400000,0x00000000d6400000)
  from space 512K, 93% used [0x00000000d6400000,0x00000000d6477cc8,0x00000000d6480000)
  to   space 512K, 0% used [0x00000000d6500000,0x00000000d6500000,0x00000000d6580000)
 ParOldGen       total 68608K, used 59634K [0x0000000080000000, 0x0000000084300000, 0x00000000d5580000)
  object space 68608K, 86% used [0x0000000080000000,0x0000000083a3c870,0x0000000084300000)
 Metaspace       used 52356K, committed 53760K, reserved 1114112K
  class space    used 5652K, committed 6272K, reserved 1048576K
}
Event: 17.782 GC heap after
{Heap after GC invocations=54 (full 2):
 PSYoungGen      total 15360K, used 408K [0x00000000d5580000, 0x00000000d6580000, 0x0000000100000000)
  eden space 14848K, 0% used [0x00000000d5580000,0x00000000d5580000,0x00000000d6400000)
  from space 512K, 79% used [0x00000000d6500000,0x00000000d6566138,0x00000000d6580000)
  to   space 512K, 0% used [0x00000000d6400000,0x00000000d6400000,0x00000000d6480000)
 ParOldGen       total 68608K, used 59714K [0x0000000080000000, 0x0000000084300000, 0x00000000d5580000)
  object space 68608K, 87% used [0x0000000080000000,0x0000000083a50870,0x0000000084300000)
 Metaspace       used 52356K, committed 53760K, reserved 1114112K
  class space    used 5652K, committed 6272K, reserved 1048576K
}
Event: 17.820 GC heap before
{Heap before GC invocations=55 (full 2):
 PSYoungGen      total 15360K, used 15256K [0x00000000d5580000, 0x00000000d6580000, 0x0000000100000000)
  eden space 14848K, 100% used [0x00000000d5580000,0x00000000d6400000,0x00000000d6400000)
  from space 512K, 79% used [0x00000000d6500000,0x00000000d6566138,0x00000000d6580000)
  to   space 512K, 0% used [0x00000000d6400000,0x00000000d6400000,0x00000000d6480000)
 ParOldGen       total 68608K, used 59714K [0x0000000080000000, 0x0000000084300000, 0x00000000d5580000)
  object space 68608K, 87% used [0x0000000080000000,0x0000000083a50870,0x0000000084300000)
 Metaspace       used 52363K, committed 53760K, reserved 1114112K
  class space    used 5652K, committed 6272K, reserved 1048576K
}
Event: 17.821 GC heap after
{Heap after GC invocations=55 (full 2):
 PSYoungGen      total 15360K, used 361K [0x00000000d5580000, 0x00000000d6580000, 0x0000000100000000)
  eden space 14848K, 0% used [0x00000000d5580000,0x00000000d5580000,0x00000000d6400000)
  from space 512K, 70% used [0x00000000d6400000,0x00000000d645a5f0,0x00000000d6480000)
  to   space 512K, 0% used [0x00000000d6500000,0x00000000d6500000,0x00000000d6580000)
 ParOldGen       total 68608K, used 59794K [0x0000000080000000, 0x0000000084300000, 0x00000000d5580000)
  object space 68608K, 87% used [0x0000000080000000,0x0000000083a64870,0x0000000084300000)
 Metaspace       used 52363K, committed 53760K, reserved 1114112K
  class space    used 5652K, committed 6272K, reserved 1048576K
}
Event: 17.876 GC heap before
{Heap before GC invocations=56 (full 2):
 PSYoungGen      total 15360K, used 15209K [0x00000000d5580000, 0x00000000d6580000, 0x0000000100000000)
  eden space 14848K, 100% used [0x00000000d5580000,0x00000000d6400000,0x00000000d6400000)
  from space 512K, 70% used [0x00000000d6400000,0x00000000d645a5f0,0x00000000d6480000)
  to   space 512K, 0% used [0x00000000d6500000,0x00000000d6500000,0x00000000d6580000)
 ParOldGen       total 68608K, used 59794K [0x0000000080000000, 0x0000000084300000, 0x00000000d5580000)
  object space 68608K, 87% used [0x0000000080000000,0x0000000083a64870,0x0000000084300000)
 Metaspace       used 52366K, committed 53760K, reserved 1114112K
  class space    used 5652K, committed 6272K, reserved 1048576K
}
Event: 17.877 GC heap after
{Heap after GC invocations=56 (full 2):
 PSYoungGen      total 15360K, used 352K [0x00000000d5580000, 0x00000000d6580000, 0x0000000100000000)
  eden space 14848K, 0% used [0x00000000d5580000,0x00000000d5580000,0x00000000d6400000)
  from space 512K, 68% used [0x00000000d6500000,0x00000000d6558000,0x00000000d6580000)
  to   space 512K, 0% used [0x00000000d6400000,0x00000000d6400000,0x00000000d6480000)
 ParOldGen       total 68608K, used 59874K [0x0000000080000000, 0x0000000084300000, 0x00000000d5580000)
  object space 68608K, 87% used [0x0000000080000000,0x0000000083a78870,0x0000000084300000)
 Metaspace       used 52366K, committed 53760K, reserved 1114112K
  class space    used 5652K, committed 6272K, reserved 1048576K
}
Event: 17.928 GC heap before
{Heap before GC invocations=57 (full 2):
 PSYoungGen      total 15360K, used 15200K [0x00000000d5580000, 0x00000000d6580000, 0x0000000100000000)
  eden space 14848K, 100% used [0x00000000d5580000,0x00000000d6400000,0x00000000d6400000)
  from space 512K, 68% used [0x00000000d6500000,0x00000000d6558000,0x00000000d6580000)
  to   space 512K, 0% used [0x00000000d6400000,0x00000000d6400000,0x00000000d6480000)
 ParOldGen       total 68608K, used 59874K [0x0000000080000000, 0x0000000084300000, 0x00000000d5580000)
  object space 68608K, 87% used [0x0000000080000000,0x0000000083a78870,0x0000000084300000)
 Metaspace       used 52398K, committed 53824K, reserved 1114112K
  class space    used 5655K, committed 6272K, reserved 1048576K
}
Event: 17.929 GC heap after
{Heap after GC invocations=57 (full 2):
 PSYoungGen      total 15360K, used 509K [0x00000000d5580000, 0x00000000d6600000, 0x0000000100000000)
  eden space 14848K, 0% used [0x00000000d5580000,0x00000000d5580000,0x00000000d6400000)
  from space 512K, 99% used [0x00000000d6400000,0x00000000d647f638,0x00000000d6480000)
  to   space 1024K, 0% used [0x00000000d6500000,0x00000000d6500000,0x00000000d6600000)
 ParOldGen       total 68608K, used 59962K [0x0000000080000000, 0x0000000084300000, 0x00000000d5580000)
  object space 68608K, 87% used [0x0000000080000000,0x0000000083a8e870,0x0000000084300000)
 Metaspace       used 52398K, committed 53824K, reserved 1114112K
  class space    used 5655K, committed 6272K, reserved 1048576K
}
Event: 18.030 GC heap before
{Heap before GC invocations=58 (full 2):
 PSYoungGen      total 15360K, used 15357K [0x00000000d5580000, 0x00000000d6600000, 0x0000000100000000)
  eden space 14848K, 100% used [0x00000000d5580000,0x00000000d6400000,0x00000000d6400000)
  from space 512K, 99% used [0x00000000d6400000,0x00000000d647f638,0x00000000d6480000)
  to   space 1024K, 0% used [0x00000000d6500000,0x00000000d6500000,0x00000000d6600000)
 ParOldGen       total 68608K, used 59962K [0x0000000080000000, 0x0000000084300000, 0x00000000d5580000)
  object space 68608K, 87% used [0x0000000080000000,0x0000000083a8e870,0x0000000084300000)
 Metaspace       used 52510K, committed 53888K, reserved 1114112K
  class space    used 5668K, committed 6272K, reserved 1048576K
}
Event: 18.032 GC heap after
{Heap after GC invocations=58 (full 2):
 PSYoungGen      total 15872K, used 532K [0x00000000d5580000, 0x00000000d6600000, 0x0000000100000000)
  eden space 14848K, 0% used [0x00000000d5580000,0x00000000d5580000,0x00000000d6400000)
  from space 1024K, 52% used [0x00000000d6500000,0x00000000d6585200,0x00000000d6600000)
  to   space 1024K, 0% used [0x00000000d6400000,0x00000000d6400000,0x00000000d6500000)
 ParOldGen       total 68608K, used 60074K [0x0000000080000000, 0x0000000084300000, 0x00000000d5580000)
  object space 68608K, 87% used [0x0000000080000000,0x0000000083aaa870,0x0000000084300000)
 Metaspace       used 52510K, committed 53888K, reserved 1114112K
  class space    used 5668K, committed 6272K, reserved 1048576K
}
Event: 18.078 GC heap before
{Heap before GC invocations=59 (full 2):
 PSYoungGen      total 15872K, used 15380K [0x00000000d5580000, 0x00000000d6600000, 0x0000000100000000)
  eden space 14848K, 100% used [0x00000000d5580000,0x00000000d6400000,0x00000000d6400000)
  from space 1024K, 52% used [0x00000000d6500000,0x00000000d6585200,0x00000000d6600000)
  to   space 1024K, 0% used [0x00000000d6400000,0x00000000d6400000,0x00000000d6500000)
 ParOldGen       total 68608K, used 60074K [0x0000000080000000, 0x0000000084300000, 0x00000000d5580000)
  object space 68608K, 87% used [0x0000000080000000,0x0000000083aaa870,0x0000000084300000)
 Metaspace       used 52517K, committed 53888K, reserved 1114112K
  class space    used 5668K, committed 6272K, reserved 1048576K
}
Event: 18.079 GC heap after
{Heap after GC invocations=59 (full 2):
 PSYoungGen      total 15872K, used 861K [0x00000000d5580000, 0x00000000d6600000, 0x0000000100000000)
  eden space 14848K, 0% used [0x00000000d5580000,0x00000000d5580000,0x00000000d6400000)
  from space 1024K, 84% used [0x00000000d6400000,0x00000000d64d74f8,0x00000000d6500000)
  to   space 1024K, 0% used [0x00000000d6500000,0x00000000d6500000,0x00000000d6600000)
 ParOldGen       total 68608K, used 60310K [0x0000000080000000, 0x0000000084300000, 0x00000000d5580000)
  object space 68608K, 87% used [0x0000000080000000,0x0000000083ae5a70,0x0000000084300000)
 Metaspace       used 52517K, committed 53888K, reserved 1114112K
  class space    used 5668K, committed 6272K, reserved 1048576K
}
Event: 18.144 GC heap before
{Heap before GC invocations=60 (full 2):
 PSYoungGen      total 15872K, used 15709K [0x00000000d5580000, 0x00000000d6600000, 0x0000000100000000)
  eden space 14848K, 100% used [0x00000000d5580000,0x00000000d6400000,0x00000000d6400000)
  from space 1024K, 84% used [0x00000000d6400000,0x00000000d64d74f8,0x00000000d6500000)
  to   space 1024K, 0% used [0x00000000d6500000,0x00000000d6500000,0x00000000d6600000)
 ParOldGen       total 68608K, used 60310K [0x0000000080000000, 0x0000000084300000, 0x00000000d5580000)
  object space 68608K, 87% used [0x0000000080000000,0x0000000083ae5a70,0x0000000084300000)
 Metaspace       used 52522K, committed 53888K, reserved 1114112K
  class space    used 5668K, committed 6272K, reserved 1048576K
}
Event: 18.146 GC heap after
{Heap after GC invocations=60 (full 2):
 PSYoungGen      total 15872K, used 591K [0x00000000d5580000, 0x00000000d6600000, 0x0000000100000000)
  eden space 14848K, 0% used [0x00000000d5580000,0x00000000d5580000,0x00000000d6400000)
  from space 1024K, 57% used [0x00000000d6500000,0x00000000d6593cc8,0x00000000d6600000)
  to   space 1024K, 0% used [0x00000000d6400000,0x00000000d6400000,0x00000000d6500000)
 ParOldGen       total 68608K, used 60558K [0x0000000080000000, 0x0000000084300000, 0x00000000d5580000)
  object space 68608K, 88% used [0x0000000080000000,0x0000000083b23a70,0x0000000084300000)
 Metaspace       used 52522K, committed 53888K, reserved 1114112K
  class space    used 5668K, committed 6272K, reserved 1048576K
}
Event: 18.334 GC heap before
{Heap before GC invocations=61 (full 2):
 PSYoungGen      total 15872K, used 15415K [0x00000000d5580000, 0x00000000d6600000, 0x0000000100000000)
  eden space 14848K, 99% used [0x00000000d5580000,0x00000000d63fa1f8,0x00000000d6400000)
  from space 1024K, 57% used [0x00000000d6500000,0x00000000d6593cc8,0x00000000d6600000)
  to   space 1024K, 0% used [0x00000000d6400000,0x00000000d6400000,0x00000000d6500000)
 ParOldGen       total 68608K, used 60558K [0x0000000080000000, 0x0000000084300000, 0x00000000d5580000)
  object space 68608K, 88% used [0x0000000080000000,0x0000000083b23a70,0x0000000084300000)
 Metaspace       used 53143K, committed 54528K, reserved 1114112K
  class space    used 5763K, committed 6400K, reserved 1048576K
}
Event: 18.336 GC heap after
{Heap after GC invocations=61 (full 2):
 PSYoungGen      total 15872K, used 647K [0x00000000d5580000, 0x00000000d6600000, 0x0000000100000000)
  eden space 14848K, 0% used [0x00000000d5580000,0x00000000d5580000,0x00000000d6400000)
  from space 1024K, 63% used [0x00000000d6400000,0x00000000d64a1d10,0x00000000d6500000)
  to   space 1024K, 0% used [0x00000000d6500000,0x00000000d6500000,0x00000000d6600000)
 ParOldGen       total 68608K, used 60894K [0x0000000080000000, 0x0000000084300000, 0x00000000d5580000)
  object space 68608K, 88% used [0x0000000080000000,0x0000000083b77a70,0x0000000084300000)
 Metaspace       used 53143K, committed 54528K, reserved 1114112K
  class space    used 5763K, committed 6400K, reserved 1048576K
}

