# JRE version: Java(TM) SE Runtime Environment (21.0.10+8) (build 21.0.10+8-LTS-217)
# Java VM: Java HotSpot(TM) 64-Bit Server VM (21.0.10+8-LTS-217, mixed mode, emulated-client, sharing, tiered, compressed oops, compressed class ptrs, g1 gc, windows-amd64)
GC Precious Log:
 CardTable entry size: 512
 Card Set container configuration: InlinePtr #cards 4 size 8 Array Of Cards #cards 16 size 48 Howl #buckets 8 coarsen threshold 3686 Howl Bitmap #cards 512 size 80 coarsen threshold 460 Card regions per heap region 1 cards per card region 4096
 CPUs: 12 total, 12 available
 Memory: 16188M
 Large Page Support: Disabled
 NUMA Support: Disabled
 Compressed Oops: Enabled (Zero based)
 Heap Region Size: 2M
 Heap Min Capacity: 8M
 Heap Initial Capacity: 254M
 Heap Max Capacity: 4048M
 Pre-touch: Disabled
 Parallel Workers: 10
 Concurrent Workers: 3
 Concurrent Refinement Workers: 10
 Periodic GC: Disabled
Heap:
 garbage-first heap   total 90112K, used 55311K [0x0000000703000000, 0x0000000800000000)
  region size 2048K, 19 young (38912K), 3 survivors (6144K)
 Metaspace       used 61976K, committed 62592K, reserved 1114112K
  class space    used 8868K, committed 9152K, reserved 1048576K
GC Heap History (18 events):
Event: 0.889 GC heap before
{Heap before GC invocations=0 (full 0):
 garbage-first heap   total 260096K, used 22528K [0x0000000703000000, 0x0000000800000000)
  region size 2048K, 11 young (22528K), 0 survivors (0K)
 Metaspace       used 4980K, committed 5248K, reserved 1114112K
  class space    used 639K, committed 768K, reserved 1048576K
}
Event: 0.895 GC heap after
{Heap after GC invocations=1 (full 0):
 garbage-first heap   total 260096K, used 6400K [0x0000000703000000, 0x0000000800000000)
  region size 2048K, 2 young (4096K), 2 survivors (4096K)
 Metaspace       used 4980K, committed 5248K, reserved 1114112K
  class space    used 639K, committed 768K, reserved 1048576K
}
Event: 1.597 GC heap before
{Heap before GC invocations=1 (full 0):
 garbage-first heap   total 260096K, used 30976K [0x0000000703000000, 0x0000000800000000)
  region size 2048K, 15 young (30720K), 2 survivors (4096K)
 Metaspace       used 10969K, committed 11264K, reserved 1114112K
  class space    used 1580K, committed 1728K, reserved 1048576K
}
Event: 1.604 GC heap after
{Heap after GC invocations=2 (full 0):
 garbage-first heap   total 260096K, used 8534K [0x0000000703000000, 0x0000000800000000)
  region size 2048K, 1 young (2048K), 1 survivors (2048K)
 Metaspace       used 10969K, committed 11264K, reserved 1114112K
  class space    used 1580K, committed 1728K, reserved 1048576K
}
Event: 2.503 GC heap before
{Heap before GC invocations=2 (full 0):
 garbage-first heap   total 260096K, used 61782K [0x0000000703000000, 0x0000000800000000)
  region size 2048K, 29 young (59392K), 1 survivors (2048K)
 Metaspace       used 20503K, committed 20864K, reserved 1114112K
  class space    used 2816K, committed 2944K, reserved 1048576K
}
Event: 2.514 GC heap after
{Heap after GC invocations=3 (full 0):
 garbage-first heap   total 260096K, used 14197K [0x0000000703000000, 0x0000000800000000)
  region size 2048K, 4 young (8192K), 4 survivors (8192K)
 Metaspace       used 20503K, committed 20864K, reserved 1114112K
  class space    used 2816K, committed 2944K, reserved 1048576K
}
Event: 3.627 GC heap before
{Heap before GC invocations=4 (full 0):
 garbage-first heap   total 61440K, used 59253K [0x0000000703000000, 0x0000000800000000)
  region size 2048K, 26 young (53248K), 4 survivors (8192K)
 Metaspace       used 26360K, committed 26752K, reserved 1114112K
  class space    used 3674K, committed 3840K, reserved 1048576K
}
Event: 3.639 GC heap after
{Heap after GC invocations=5 (full 0):
 garbage-first heap   total 73728K, used 17910K [0x0000000703000000, 0x0000000800000000)
  region size 2048K, 6 young (12288K), 6 survivors (12288K)
 Metaspace       used 26360K, committed 26752K, reserved 1114112K
  class space    used 3674K, committed 3840K, reserved 1048576K
}
Event: 4.908 GC heap before
{Heap before GC invocations=5 (full 0):
 garbage-first heap   total 73728K, used 48630K [0x0000000703000000, 0x0000000800000000)
  region size 2048K, 21 young (43008K), 6 survivors (12288K)
 Metaspace       used 32438K, committed 33024K, reserved 1114112K
  class space    used 4403K, committed 4672K, reserved 1048576K
}
Event: 4.933 GC heap after
{Heap after GC invocations=6 (full 0):
 garbage-first heap   total 73728K, used 20294K [0x0000000703000000, 0x0000000800000000)
  region size 2048K, 2 young (4096K), 2 survivors (4096K)
 Metaspace       used 32438K, committed 33024K, reserved 1114112K
  class space    used 4403K, committed 4672K, reserved 1048576K
}
Event: 5.117 GC heap before
{Heap before GC invocations=6 (full 0):
 garbage-first heap   total 73728K, used 24390K [0x0000000703000000, 0x0000000800000000)
  region size 2048K, 6 young (12288K), 2 survivors (4096K)
 Metaspace       used 34326K, committed 34816K, reserved 1114112K
  class space    used 4633K, committed 4864K, reserved 1048576K
}
Event: 5.123 GC heap after
{Heap after GC invocations=7 (full 0):
 garbage-first heap   total 73728K, used 20045K [0x0000000703000000, 0x0000000800000000)
  region size 2048K, 2 young (4096K), 2 survivors (4096K)
 Metaspace       used 34326K, committed 34816K, reserved 1114112K
  class space    used 4633K, committed 4864K, reserved 1048576K
}
Event: 6.355 GC heap before
{Heap before GC invocations=8 (full 0):
 garbage-first heap   total 73728K, used 56909K [0x0000000703000000, 0x0000000800000000)
  region size 2048K, 20 young (40960K), 2 survivors (4096K)
 Metaspace       used 42747K, committed 43328K, reserved 1114112K
  class space    used 5915K, committed 6144K, reserved 1048576K
}
Event: 6.368 GC heap after
{Heap after GC invocations=9 (full 0):
 garbage-first heap   total 90112K, used 22038K [0x0000000703000000, 0x0000000800000000)
  region size 2048K, 3 young (6144K), 3 survivors (6144K)
 Metaspace       used 42747K, committed 43328K, reserved 1114112K
  class space    used 5915K, committed 6144K, reserved 1048576K
}
Event: 8.127 GC heap before
{Heap before GC invocations=9 (full 0):
 garbage-first heap   total 90112K, used 69142K [0x0000000703000000, 0x0000000800000000)
  region size 2048K, 26 young (53248K), 3 survivors (6144K)
 Metaspace       used 54560K, committed 55104K, reserved 1114112K
  class space    used 7708K, committed 7936K, reserved 1048576K
}
Event: 8.150 GC heap after
{Heap after GC invocations=10 (full 0):
 garbage-first heap   total 90112K, used 23392K [0x0000000703000000, 0x0000000800000000)
  region size 2048K, 2 young (4096K), 2 survivors (4096K)
 Metaspace       used 54560K, committed 55104K, reserved 1114112K
  class space    used 7708K, committed 7936K, reserved 1048576K
}
Event: 8.550 GC heap before
{Heap before GC invocations=10 (full 0):
 garbage-first heap   total 90112K, used 35680K [0x0000000703000000, 0x0000000800000000)
  region size 2048K, 9 young (18432K), 2 survivors (4096K)
 Metaspace       used 57632K, committed 58240K, reserved 1114112K
  class space    used 8095K, committed 8384K, reserved 1048576K
}
Event: 8.562 GC heap after
{Heap after GC invocations=11 (full 0):
 garbage-first heap   total 90112K, used 24591K [0x0000000703000000, 0x0000000800000000)
  region size 2048K, 3 young (6144K), 3 survivors (6144K)
 Metaspace       used 57632K, committed 58240K, reserved 1114112K
  class space    used 8095K, committed 8384K, reserved 1048576K
}

